[27-Jan-2021 08:55:37 UTC] PHP Warning:  Invalid argument supplied for foreach() in C:\Users\prusz\Local Sites\vivek-university\app\public\wp-admin\includes\theme.php on line 586
[27-Jan-2021 08:55:37 UTC] PHP Stack trace:
[27-Jan-2021 08:55:37 UTC] PHP   1. {main}() C:\Users\prusz\Local Sites\vivek-university\app\public\wp-admin\admin-ajax.php:0
[27-Jan-2021 08:55:37 UTC] PHP   2. do_action() C:\Users\prusz\Local Sites\vivek-university\app\public\wp-admin\admin-ajax.php:184
[27-Jan-2021 08:55:37 UTC] PHP   3. WP_Hook->do_action() C:\Users\prusz\Local Sites\vivek-university\app\public\wp-includes\plugin.php:484
[27-Jan-2021 08:55:37 UTC] PHP   4. WP_Hook->apply_filters() C:\Users\prusz\Local Sites\vivek-university\app\public\wp-includes\class-wp-hook.php:311
[27-Jan-2021 08:55:37 UTC] PHP   5. wp_ajax_query_themes() C:\Users\prusz\Local Sites\vivek-university\app\public\wp-includes\class-wp-hook.php:287
[27-Jan-2021 08:55:37 UTC] PHP   6. themes_api() C:\Users\prusz\Local Sites\vivek-university\app\public\wp-admin\includes\ajax-actions.php:3537
[27-Jan-2021 08:55:40 UTC] PHP Warning:  Invalid argument supplied for foreach() in C:\Users\prusz\Local Sites\vivek-university\app\public\wp-admin\includes\theme.php on line 586
[27-Jan-2021 08:55:40 UTC] PHP Stack trace:
[27-Jan-2021 08:55:40 UTC] PHP   1. {main}() C:\Users\prusz\Local Sites\vivek-university\app\public\wp-admin\admin-ajax.php:0
[27-Jan-2021 08:55:40 UTC] PHP   2. do_action() C:\Users\prusz\Local Sites\vivek-university\app\public\wp-admin\admin-ajax.php:184
[27-Jan-2021 08:55:40 UTC] PHP   3. WP_Hook->do_action() C:\Users\prusz\Local Sites\vivek-university\app\public\wp-includes\plugin.php:484
[27-Jan-2021 08:55:40 UTC] PHP   4. WP_Hook->apply_filters() C:\Users\prusz\Local Sites\vivek-university\app\public\wp-includes\class-wp-hook.php:311
[27-Jan-2021 08:55:40 UTC] PHP   5. wp_ajax_query_themes() C:\Users\prusz\Local Sites\vivek-university\app\public\wp-includes\class-wp-hook.php:287
[27-Jan-2021 08:55:40 UTC] PHP   6. themes_api() C:\Users\prusz\Local Sites\vivek-university\app\public\wp-admin\includes\ajax-actions.php:3537
[27-Jan-2021 08:56:04 UTC] PHP Warning:  Invalid argument supplied for foreach() in C:\Users\prusz\Local Sites\vivek-university\app\public\wp-admin\includes\theme.php on line 586
[27-Jan-2021 08:56:04 UTC] PHP Stack trace:
[27-Jan-2021 08:56:04 UTC] PHP   1. {main}() C:\Users\prusz\Local Sites\vivek-university\app\public\wp-admin\admin-ajax.php:0
[27-Jan-2021 08:56:04 UTC] PHP   2. do_action() C:\Users\prusz\Local Sites\vivek-university\app\public\wp-admin\admin-ajax.php:184
[27-Jan-2021 08:56:04 UTC] PHP   3. WP_Hook->do_action() C:\Users\prusz\Local Sites\vivek-university\app\public\wp-includes\plugin.php:484
[27-Jan-2021 08:56:04 UTC] PHP   4. WP_Hook->apply_filters() C:\Users\prusz\Local Sites\vivek-university\app\public\wp-includes\class-wp-hook.php:311
[27-Jan-2021 08:56:04 UTC] PHP   5. wp_ajax_query_themes() C:\Users\prusz\Local Sites\vivek-university\app\public\wp-includes\class-wp-hook.php:287
[27-Jan-2021 08:56:04 UTC] PHP   6. themes_api() C:\Users\prusz\Local Sites\vivek-university\app\public\wp-admin\includes\ajax-actions.php:3537
[27-Jan-2021 08:56:29 UTC] PHP Warning:  Invalid argument supplied for foreach() in C:\Users\prusz\Local Sites\vivek-university\app\public\wp-admin\includes\theme.php on line 586
[27-Jan-2021 08:56:29 UTC] PHP Stack trace:
[27-Jan-2021 08:56:29 UTC] PHP   1. {main}() C:\Users\prusz\Local Sites\vivek-university\app\public\wp-admin\admin-ajax.php:0
[27-Jan-2021 08:56:29 UTC] PHP   2. do_action() C:\Users\prusz\Local Sites\vivek-university\app\public\wp-admin\admin-ajax.php:184
[27-Jan-2021 08:56:29 UTC] PHP   3. WP_Hook->do_action() C:\Users\prusz\Local Sites\vivek-university\app\public\wp-includes\plugin.php:484
[27-Jan-2021 08:56:29 UTC] PHP   4. WP_Hook->apply_filters() C:\Users\prusz\Local Sites\vivek-university\app\public\wp-includes\class-wp-hook.php:311
[27-Jan-2021 08:56:29 UTC] PHP   5. wp_ajax_query_themes() C:\Users\prusz\Local Sites\vivek-university\app\public\wp-includes\class-wp-hook.php:287
[27-Jan-2021 08:56:29 UTC] PHP   6. themes_api() C:\Users\prusz\Local Sites\vivek-university\app\public\wp-admin\includes\ajax-actions.php:3537
